[16-Nov-2013 16:22:06 UTC] PHP Warning:  file_get_contents(http://ajax.googleapis.com/ajax/services/search/web?v=1.0&amp;q=holocene songmeaning lyrics): failed to open stream: HTTP request failed! HTTP/1.0 400 Bad Request
 in C:\code\dags\app\api\index.php on line 20
[16-Nov-2013 16:22:31 UTC] PHP Warning:  file_get_contents(http://ajax.googleapis.com/ajax/services/search/web?v=1.0&amp;q=holocene songmeaning lyrics): failed to open stream: HTTP request failed! HTTP/1.0 400 Bad Request
 in C:\code\dags\app\api\index.php on line 20
[16-Nov-2013 16:22:49 UTC] PHP Warning:  file_get_contents(http://ajax.googleapis.com/ajax/services/search/web?v=1.0&amp;q=holocene songmeaning lyrics): failed to open stream: HTTP request failed! HTTP/1.0 400 Bad Request
 in C:\code\dags\app\api\index.php on line 20
[16-Nov-2013 16:48:02 UTC] PHP Parse error:  syntax error, unexpected '$resp' (T_VARIABLE), expecting ')' in C:\code\dags\app\api\index.php on line 23
[16-Nov-2013 17:24:12 UTC] PHP Parse error:  syntax error, unexpected ')', expecting identifier (T_STRING) or variable (T_VARIABLE) or '{' or '$' in C:\code\dags\app\api\index.php on line 26
[16-Nov-2013 17:24:20 UTC] PHP Parse error:  syntax error, unexpected ')', expecting identifier (T_STRING) or variable (T_VARIABLE) or '{' or '$' in C:\code\dags\app\api\index.php on line 26
[16-Nov-2013 17:24:20 UTC] PHP Parse error:  syntax error, unexpected ')', expecting identifier (T_STRING) or variable (T_VARIABLE) or '{' or '$' in C:\code\dags\app\api\index.php on line 26
[16-Nov-2013 17:24:21 UTC] PHP Parse error:  syntax error, unexpected ')', expecting identifier (T_STRING) or variable (T_VARIABLE) or '{' or '$' in C:\code\dags\app\api\index.php on line 26
[16-Nov-2013 17:24:21 UTC] PHP Parse error:  syntax error, unexpected ')', expecting identifier (T_STRING) or variable (T_VARIABLE) or '{' or '$' in C:\code\dags\app\api\index.php on line 26
[16-Nov-2013 17:24:21 UTC] PHP Parse error:  syntax error, unexpected ')', expecting identifier (T_STRING) or variable (T_VARIABLE) or '{' or '$' in C:\code\dags\app\api\index.php on line 26
[16-Nov-2013 17:24:21 UTC] PHP Parse error:  syntax error, unexpected ')', expecting identifier (T_STRING) or variable (T_VARIABLE) or '{' or '$' in C:\code\dags\app\api\index.php on line 26
[16-Nov-2013 17:24:26 UTC] PHP Parse error:  syntax error, unexpected '=>' (T_DOUBLE_ARROW), expecting ')' in C:\code\dags\app\api\index.php on line 37
[16-Nov-2013 17:24:27 UTC] PHP Parse error:  syntax error, unexpected '=>' (T_DOUBLE_ARROW), expecting ')' in C:\code\dags\app\api\index.php on line 37
[16-Nov-2013 17:24:33 UTC] PHP Parse error:  syntax error, unexpected '=>' (T_DOUBLE_ARROW), expecting ')' in C:\code\dags\app\api\index.php on line 38
[16-Nov-2013 17:24:34 UTC] PHP Parse error:  syntax error, unexpected '=>' (T_DOUBLE_ARROW), expecting ')' in C:\code\dags\app\api\index.php on line 38
[16-Nov-2013 17:24:34 UTC] PHP Parse error:  syntax error, unexpected '=>' (T_DOUBLE_ARROW), expecting ')' in C:\code\dags\app\api\index.php on line 38
[16-Nov-2013 17:24:34 UTC] PHP Parse error:  syntax error, unexpected '=>' (T_DOUBLE_ARROW), expecting ')' in C:\code\dags\app\api\index.php on line 38
[16-Nov-2013 17:38:24 UTC] PHP Warning:  file_get_contents(http://www.youtube.com/watch%3Fv%3DRx74lnjKFW8): failed to open stream: HTTP request failed! HTTP/1.0 503 Service Unavailable
 in C:\code\dags\app\api\index.php on line 30
[16-Nov-2013 17:38:30 UTC] PHP Warning:  file_get_contents(http://www.youtube.com/watch%3Fv%3DRx74lnjKFW8): failed to open stream: HTTP request failed! HTTP/1.0 503 Service Unavailable
 in C:\code\dags\app\api\index.php on line 30
[16-Nov-2013 17:44:04 UTC] PHP Fatal error:  Call to undefined function utf_decode() in C:\code\dags\app\api\index.php on line 35
[16-Nov-2013 17:44:05 UTC] PHP Fatal error:  Call to undefined function utf_decode() in C:\code\dags\app\api\index.php on line 35
[16-Nov-2013 18:03:42 UTC] PHP Warning:  file_get_contents(0): failed to open stream: No such file or directory in C:\code\dags\app\api\index.php on line 23
[16-Nov-2013 18:03:52 UTC] PHP Warning:  file_get_contents(0): failed to open stream: No such file or directory in C:\code\dags\app\api\index.php on line 23
[16-Nov-2013 18:03:52 UTC] PHP Warning:  file_get_contents(0): failed to open stream: No such file or directory in C:\code\dags\app\api\index.php on line 23
[16-Nov-2013 18:03:53 UTC] PHP Warning:  file_get_contents(0): failed to open stream: No such file or directory in C:\code\dags\app\api\index.php on line 23
[16-Nov-2013 18:11:04 UTC] PHP Parse error:  syntax error, unexpected '$prefix' (T_VARIABLE) in C:\code\dags\app\api\index.php on line 25
[16-Nov-2013 18:11:14 UTC] PHP Parse error:  syntax error, unexpected '$prefix' (T_VARIABLE) in C:\code\dags\app\api\index.php on line 25
[16-Nov-2013 18:11:15 UTC] PHP Parse error:  syntax error, unexpected '$prefix' (T_VARIABLE) in C:\code\dags\app\api\index.php on line 25
[16-Nov-2013 18:11:15 UTC] PHP Parse error:  syntax error, unexpected '$prefix' (T_VARIABLE) in C:\code\dags\app\api\index.php on line 25
[16-Nov-2013 18:11:15 UTC] PHP Parse error:  syntax error, unexpected '$prefix' (T_VARIABLE) in C:\code\dags\app\api\index.php on line 25
[16-Nov-2013 18:11:16 UTC] PHP Parse error:  syntax error, unexpected '$prefix' (T_VARIABLE) in C:\code\dags\app\api\index.php on line 25
[16-Nov-2013 18:11:16 UTC] PHP Parse error:  syntax error, unexpected '$prefix' (T_VARIABLE) in C:\code\dags\app\api\index.php on line 25
[16-Nov-2013 18:11:16 UTC] PHP Parse error:  syntax error, unexpected '$prefix' (T_VARIABLE) in C:\code\dags\app\api\index.php on line 25
[16-Nov-2013 18:11:39 UTC] PHP Parse error:  syntax error, unexpected '$prefix' (T_VARIABLE) in C:\code\dags\app\api\index.php on line 24
[16-Nov-2013 18:11:40 UTC] PHP Parse error:  syntax error, unexpected '$prefix' (T_VARIABLE) in C:\code\dags\app\api\index.php on line 24
[16-Nov-2013 18:11:40 UTC] PHP Parse error:  syntax error, unexpected '$prefix' (T_VARIABLE) in C:\code\dags\app\api\index.php on line 24
[16-Nov-2013 18:11:40 UTC] PHP Parse error:  syntax error, unexpected '$prefix' (T_VARIABLE) in C:\code\dags\app\api\index.php on line 24
[16-Nov-2013 18:11:48 UTC] PHP Parse error:  syntax error, unexpected '$url' (T_VARIABLE) in C:\code\dags\app\api\index.php on line 25
[16-Nov-2013 18:11:48 UTC] PHP Parse error:  syntax error, unexpected '$url' (T_VARIABLE) in C:\code\dags\app\api\index.php on line 25
[16-Nov-2013 18:11:49 UTC] PHP Parse error:  syntax error, unexpected '$url' (T_VARIABLE) in C:\code\dags\app\api\index.php on line 25
[16-Nov-2013 18:11:49 UTC] PHP Parse error:  syntax error, unexpected '$url' (T_VARIABLE) in C:\code\dags\app\api\index.php on line 25
[16-Nov-2013 18:11:49 UTC] PHP Parse error:  syntax error, unexpected '$url' (T_VARIABLE) in C:\code\dags\app\api\index.php on line 25
[16-Nov-2013 18:11:49 UTC] PHP Parse error:  syntax error, unexpected '$url' (T_VARIABLE) in C:\code\dags\app\api\index.php on line 25
[16-Nov-2013 18:11:49 UTC] PHP Parse error:  syntax error, unexpected '$url' (T_VARIABLE) in C:\code\dags\app\api\index.php on line 25
[16-Nov-2013 18:11:50 UTC] PHP Parse error:  syntax error, unexpected '$url' (T_VARIABLE) in C:\code\dags\app\api\index.php on line 25
[16-Nov-2013 18:11:50 UTC] PHP Parse error:  syntax error, unexpected '$url' (T_VARIABLE) in C:\code\dags\app\api\index.php on line 25
[16-Nov-2013 18:11:51 UTC] PHP Parse error:  syntax error, unexpected '$url' (T_VARIABLE) in C:\code\dags\app\api\index.php on line 25
[16-Nov-2013 18:11:51 UTC] PHP Parse error:  syntax error, unexpected '$url' (T_VARIABLE) in C:\code\dags\app\api\index.php on line 25
[16-Nov-2013 18:11:52 UTC] PHP Parse error:  syntax error, unexpected '$url' (T_VARIABLE) in C:\code\dags\app\api\index.php on line 25
[16-Nov-2013 18:11:53 UTC] PHP Parse error:  syntax error, unexpected '$url' (T_VARIABLE) in C:\code\dags\app\api\index.php on line 25
[16-Nov-2013 18:11:53 UTC] PHP Parse error:  syntax error, unexpected '$url' (T_VARIABLE) in C:\code\dags\app\api\index.php on line 25
[16-Nov-2013 18:12:01 UTC] PHP Parse error:  syntax error, unexpected 'echo' (T_ECHO) in C:\code\dags\app\api\index.php on line 24
[16-Nov-2013 18:12:02 UTC] PHP Parse error:  syntax error, unexpected 'echo' (T_ECHO) in C:\code\dags\app\api\index.php on line 24
[16-Nov-2013 18:12:03 UTC] PHP Parse error:  syntax error, unexpected 'echo' (T_ECHO) in C:\code\dags\app\api\index.php on line 24
[16-Nov-2013 18:12:03 UTC] PHP Parse error:  syntax error, unexpected 'echo' (T_ECHO) in C:\code\dags\app\api\index.php on line 24
[16-Nov-2013 18:12:03 UTC] PHP Parse error:  syntax error, unexpected 'echo' (T_ECHO) in C:\code\dags\app\api\index.php on line 24
[16-Nov-2013 18:12:03 UTC] PHP Parse error:  syntax error, unexpected 'echo' (T_ECHO) in C:\code\dags\app\api\index.php on line 24
[16-Nov-2013 18:12:03 UTC] PHP Parse error:  syntax error, unexpected 'echo' (T_ECHO) in C:\code\dags\app\api\index.php on line 24
[16-Nov-2013 18:12:12 UTC] PHP Parse error:  syntax error, unexpected 'echo' (T_ECHO) in C:\code\dags\app\api\index.php on line 23
